[2021-09-17 03:02:57] local.ERROR: Undefined array key 1 {"exception":"[object] (ErrorException(code: 0): Undefined array key 1 at C:\\xampp\\htdocs\\blogrest\\vendor\\laravel\\lumen-framework\\src\\Concerns\\RoutesRequests.php:252)
[stacktrace]
#0 C:\\xampp\\htdocs\\blogrest\\vendor\\laravel\\lumen-framework\\src\\Concerns\\RoutesRequests.php(252): Laravel\\Lumen\\Application->Laravel\\Lumen\\Concerns\\{closure}(2, 'Undefined array...', 'C:\\\\xampp\\\\htdocs...', 252)
#1 C:\\xampp\\htdocs\\blogrest\\vendor\\laravel\\lumen-framework\\src\\Concerns\\RoutesRequests.php(234): Laravel\\Lumen\\Application->handleFoundRoute(Array)
#2 C:\\xampp\\htdocs\\blogrest\\vendor\\laravel\\lumen-framework\\src\\Concerns\\RoutesRequests.php(170): Laravel\\Lumen\\Application->handleDispatcherResponse(Array)
#3 C:\\xampp\\htdocs\\blogrest\\vendor\\laravel\\lumen-framework\\src\\Concerns\\RoutesRequests.php(426): Laravel\\Lumen\\Application->Laravel\\Lumen\\Concerns\\{closure}(Object(Laravel\\Lumen\\Http\\Request))
#4 C:\\xampp\\htdocs\\blogrest\\vendor\\laravel\\lumen-framework\\src\\Concerns\\RoutesRequests.php(172): Laravel\\Lumen\\Application->sendThroughPipeline(Array, Object(Closure))
#5 C:\\xampp\\htdocs\\blogrest\\vendor\\laravel\\lumen-framework\\src\\Concerns\\RoutesRequests.php(109): Laravel\\Lumen\\Application->dispatch(NULL)
#6 C:\\xampp\\htdocs\\blogrest\\public\\index.php(28): Laravel\\Lumen\\Application->run()
#7 {main}
"} 
[2021-09-17 03:03:17] local.ERROR: Undefined array key 1 {"exception":"[object] (ErrorException(code: 0): Undefined array key 1 at C:\\xampp\\htdocs\\blogrest\\vendor\\laravel\\lumen-framework\\src\\Concerns\\RoutesRequests.php:252)
[stacktrace]
#0 C:\\xampp\\htdocs\\blogrest\\vendor\\laravel\\lumen-framework\\src\\Concerns\\RoutesRequests.php(252): Laravel\\Lumen\\Application->Laravel\\Lumen\\Concerns\\{closure}(2, 'Undefined array...', 'C:\\\\xampp\\\\htdocs...', 252)
#1 C:\\xampp\\htdocs\\blogrest\\vendor\\laravel\\lumen-framework\\src\\Concerns\\RoutesRequests.php(234): Laravel\\Lumen\\Application->handleFoundRoute(Array)
#2 C:\\xampp\\htdocs\\blogrest\\vendor\\laravel\\lumen-framework\\src\\Concerns\\RoutesRequests.php(170): Laravel\\Lumen\\Application->handleDispatcherResponse(Array)
#3 C:\\xampp\\htdocs\\blogrest\\vendor\\laravel\\lumen-framework\\src\\Concerns\\RoutesRequests.php(426): Laravel\\Lumen\\Application->Laravel\\Lumen\\Concerns\\{closure}(Object(Laravel\\Lumen\\Http\\Request))
#4 C:\\xampp\\htdocs\\blogrest\\vendor\\laravel\\lumen-framework\\src\\Concerns\\RoutesRequests.php(172): Laravel\\Lumen\\Application->sendThroughPipeline(Array, Object(Closure))
#5 C:\\xampp\\htdocs\\blogrest\\vendor\\laravel\\lumen-framework\\src\\Concerns\\RoutesRequests.php(109): Laravel\\Lumen\\Application->dispatch(NULL)
#6 C:\\xampp\\htdocs\\blogrest\\public\\index.php(28): Laravel\\Lumen\\Application->run()
#7 {main}
"} 
[2021-09-17 04:18:16] local.ERROR: Undefined array key 1 {"exception":"[object] (ErrorException(code: 0): Undefined array key 1 at C:\\xampp\\htdocs\\blogrest\\vendor\\laravel\\lumen-framework\\src\\Concerns\\RoutesRequests.php:252)
[stacktrace]
#0 C:\\xampp\\htdocs\\blogrest\\vendor\\laravel\\lumen-framework\\src\\Concerns\\RoutesRequests.php(252): Laravel\\Lumen\\Application->Laravel\\Lumen\\Concerns\\{closure}(2, 'Undefined array...', 'C:\\\\xampp\\\\htdocs...', 252)
#1 C:\\xampp\\htdocs\\blogrest\\vendor\\laravel\\lumen-framework\\src\\Concerns\\RoutesRequests.php(234): Laravel\\Lumen\\Application->handleFoundRoute(Array)
#2 C:\\xampp\\htdocs\\blogrest\\vendor\\laravel\\lumen-framework\\src\\Concerns\\RoutesRequests.php(170): Laravel\\Lumen\\Application->handleDispatcherResponse(Array)
#3 C:\\xampp\\htdocs\\blogrest\\vendor\\laravel\\lumen-framework\\src\\Concerns\\RoutesRequests.php(426): Laravel\\Lumen\\Application->Laravel\\Lumen\\Concerns\\{closure}(Object(Laravel\\Lumen\\Http\\Request))
#4 C:\\xampp\\htdocs\\blogrest\\vendor\\laravel\\lumen-framework\\src\\Concerns\\RoutesRequests.php(172): Laravel\\Lumen\\Application->sendThroughPipeline(Array, Object(Closure))
#5 C:\\xampp\\htdocs\\blogrest\\vendor\\laravel\\lumen-framework\\src\\Concerns\\RoutesRequests.php(109): Laravel\\Lumen\\Application->dispatch(NULL)
#6 C:\\xampp\\htdocs\\blogrest\\public\\index.php(28): Laravel\\Lumen\\Application->run()
#7 {main}
"} 
